0 info it worked if it ends with ok
1 verbose cli [ '/usr/local/Cellar/node/6.3.1/bin/node',
1 verbose cli   '/usr/local/bin/npm',
1 verbose cli   'start' ]
2 info using npm@3.10.3
3 info using node@v6.3.1
4 verbose run-script [ 'prestart', 'start', 'poststart' ]
5 info lifecycle yelp_clone_react@1.0.0~prestart: yelp_clone_react@1.0.0
6 silly lifecycle yelp_clone_react@1.0.0~prestart: no script for prestart, continuing
7 info lifecycle yelp_clone_react@1.0.0~start: yelp_clone_react@1.0.0
8 verbose lifecycle yelp_clone_react@1.0.0~start: unsafe-perm in lifecycle true
9 verbose lifecycle yelp_clone_react@1.0.0~start: PATH: /usr/local/lib/node_modules/npm/bin/node-gyp-bin:/Users/anilrayamajhi/WDI/workspace/Extra Project/yelp_clone_react/node_modules/.bin:/usr/local/Cellar/node/6.3.1/bin:/Users/anilrayamajhi/.rbenv/shims:/Users/anilrayamajhi/.rbenv/shims:/usr/local/bin:/usr/bin:/bin:/usr/sbin:/sbin:/Users/anilrayamajhi/.rbenv/shims
10 verbose lifecycle yelp_clone_react@1.0.0~start: CWD: /Users/anilrayamajhi/WDI/workspace/Extra Project/yelp_clone_react
11 silly lifecycle yelp_clone_react@1.0.0~start: Args: [ '-c',
11 silly lifecycle   'NODE_ENV=development ./node_modules/.bin/hjs-dev-server' ]
12 silly lifecycle yelp_clone_react@1.0.0~start: Returned: code: 1  signal: null
13 info lifecycle yelp_clone_react@1.0.0~start: Failed to exec start script
14 verbose stack Error: yelp_clone_react@1.0.0 start: `NODE_ENV=development ./node_modules/.bin/hjs-dev-server`
14 verbose stack Exit status 1
14 verbose stack     at EventEmitter.<anonymous> (/usr/local/lib/node_modules/npm/lib/utils/lifecycle.js:242:16)
14 verbose stack     at emitTwo (events.js:106:13)
14 verbose stack     at EventEmitter.emit (events.js:191:7)
14 verbose stack     at ChildProcess.<anonymous> (/usr/local/lib/node_modules/npm/lib/utils/spawn.js:40:14)
14 verbose stack     at emitTwo (events.js:106:13)
14 verbose stack     at ChildProcess.emit (events.js:191:7)
14 verbose stack     at maybeClose (internal/child_process.js:852:16)
14 verbose stack     at Process.ChildProcess._handle.onexit (internal/child_process.js:215:5)
15 verbose pkgid yelp_clone_react@1.0.0
16 verbose cwd /Users/anilrayamajhi/WDI/workspace/Extra Project/yelp_clone_react
17 error Darwin 16.0.0
18 error argv "/usr/local/Cellar/node/6.3.1/bin/node" "/usr/local/bin/npm" "start"
19 error node v6.3.1
20 error npm  v3.10.3
21 error code ELIFECYCLE
22 error yelp_clone_react@1.0.0 start: `NODE_ENV=development ./node_modules/.bin/hjs-dev-server`
22 error Exit status 1
23 error Failed at the yelp_clone_react@1.0.0 start script 'NODE_ENV=development ./node_modules/.bin/hjs-dev-server'.
23 error Make sure you have the latest version of node.js and npm installed.
23 error If you do, this is most likely a problem with the yelp_clone_react package,
23 error not with npm itself.
23 error Tell the author that this fails on your system:
23 error     NODE_ENV=development ./node_modules/.bin/hjs-dev-server
23 error You can get information on how to open an issue for this project with:
23 error     npm bugs yelp_clone_react
23 error Or if that isn't available, you can get their info via:
23 error     npm owner ls yelp_clone_react
23 error There is likely additional logging output above.
24 verbose exit [ 1, true ]
